{
  "stats": {
    "suites": 1,
    "tests": 3,
    "passes": 3,
    "pending": 0,
    "failures": 0,
    "start": "2024-07-15T07:02:46.477Z",
    "end": "2024-07-15T07:03:23.543Z",
    "duration": 37066,
    "testsRegistered": 3,
    "passPercent": 100,
    "pendingPercent": 0,
    "other": 0,
    "hasOther": false,
    "skipped": 0,
    "hasSkipped": false
  },
  "results": [
    {
      "uuid": "73af2aef-dc50-4a8d-b2ee-56cbb3f8a3fa",
      "title": "",
      "fullFile": "cypress/e2e/TesBaseImp.cy.js",
      "file": "cypress/e2e/TesBaseImp.cy.js",
      "beforeHooks": [],
      "afterHooks": [],
      "tests": [],
      "suites": [
        {
          "uuid": "f6d9f4e5-b5ed-4a5f-a2a3-18f6df654797",
          "title": "Login",
          "fullFile": "",
          "file": "",
          "beforeHooks": [],
          "afterHooks": [],
          "tests": [
            {
              "title": "Login",
              "fullTitle": "Login Login",
              "timedOut": null,
              "duration": 7920,
              "state": "passed",
              "speed": "medium",
              "pass": true,
              "fail": false,
              "pending": false,
              "context": null,
              "code": "const LoginPageObj = new _LoginPage.default();\nLoginPageObj.visit();\nLoginPageObj.fillUsername('admin');\nLoginPageObj.fillPassword('admin');\nLoginPageObj.submit();",
              "err": {},
              "uuid": "62218938-3c5e-4e63-85ad-67a79acd9835",
              "parentUUID": "f6d9f4e5-b5ed-4a5f-a2a3-18f6df654797",
              "isHook": false,
              "skipped": false
            },
            {
              "title": "Book a flight",
              "fullTitle": "Login Book a flight",
              "timedOut": null,
              "duration": 10907,
              "state": "passed",
              "speed": "slow",
              "pass": true,
              "fail": false,
              "pending": false,
              "context": null,
              "code": "const LoginPageObj = new _LoginPage.default();\nLoginPageObj.visit();\nLoginPageObj.fillUsername('admin');\nLoginPageObj.fillPassword('admin');\nLoginPageObj.submit();\ncy.title().should('eq', 'Login: Mercury Tours');\n_BookFlightPage.default.navigateToReservation();\nconst flightDetails = {\n  passCount: '4',\n  fromPort: 'Acapulco',\n  fromMonth: '7',\n  fromDay: '12',\n  toPort: 'Acapulco',\n  toMonth: '7',\n  toDay: '12',\n  airline: 'Unified Airlines'\n};\n_BookFlightPage.default.selectFlightDetails(flightDetails);",
              "err": {},
              "uuid": "7c88b900-172a-41bf-a1f3-cb09edceab1b",
              "parentUUID": "f6d9f4e5-b5ed-4a5f-a2a3-18f6df654797",
              "isHook": false,
              "skipped": false
            },
            {
              "title": "Register a new user",
              "fullTitle": "Login Register a new user",
              "timedOut": null,
              "duration": 15302,
              "state": "passed",
              "speed": "slow",
              "pass": true,
              "fail": false,
              "pending": false,
              "context": null,
              "code": "const LoginPageObj = new _LoginPage.default();\nLoginPageObj.visit();\nLoginPageObj.fillUsername('admin');\nLoginPageObj.fillPassword('admin');\nLoginPageObj.submit();\nconst RegistrationPageObj = new _RegistrationPage.default();\nconst user = {\n  firstName: 'Nirmala',\n  lastName: 'Menon',\n  phone: '8757896540',\n  userName: 'nirmsds@sfsf.com',\n  address1: '7 B',\n  city: 'ottappalam',\n  state: 'Kerala',\n  country: 'INDIA',\n  email: 'nirmala',\n  password: '1234',\n  confirmPassword: '1234'\n};\nRegistrationPageObj.navigateToRegister();\nRegistrationPageObj.fillRegistrationForm(user);",
              "err": {},
              "uuid": "5f890a8b-0d8c-48c7-80b9-94501853b795",
              "parentUUID": "f6d9f4e5-b5ed-4a5f-a2a3-18f6df654797",
              "isHook": false,
              "skipped": false
            }
          ],
          "suites": [],
          "passes": [
            "62218938-3c5e-4e63-85ad-67a79acd9835",
            "7c88b900-172a-41bf-a1f3-cb09edceab1b",
            "5f890a8b-0d8c-48c7-80b9-94501853b795"
          ],
          "failures": [],
          "pending": [],
          "skipped": [],
          "duration": 34129,
          "root": false,
          "rootEmpty": false,
          "_timeout": 2000
        }
      ],
      "passes": [],
      "failures": [],
      "pending": [],
      "skipped": [],
      "duration": 0,
      "root": true,
      "rootEmpty": true,
      "_timeout": 2000
    }
  ],
  "meta": {
    "mocha": {
      "version": "7.0.1"
    },
    "mochawesome": {
      "options": {
        "quiet": false,
        "reportFilename": "mochawesome",
        "saveHtml": false,
        "saveJson": true,
        "consoleReporter": "spec",
        "useInlineDiffs": false,
        "code": true
      },
      "version": "7.1.3"
    },
    "marge": {
      "options": {
        "reportDir": "cypress/reports",
        "overwrite": false,
        "html": false,
        "json": true
      },
      "version": "6.2.0"
    }
  }
}