{
  "stats": {
    "suites": 1,
    "tests": 1,
    "passes": 0,
    "pending": 0,
    "failures": 1,
    "start": "2024-07-15T07:02:11.105Z",
    "end": "2024-07-15T07:02:11.766Z",
    "duration": 661,
    "testsRegistered": 1,
    "passPercent": 0,
    "pendingPercent": 0,
    "other": 0,
    "hasOther": false,
    "skipped": 0,
    "hasSkipped": false
  },
  "results": [
    {
      "uuid": "c6f2c7aa-8d90-4d79-9b46-2cec64b94b5d",
      "title": "",
      "fullFile": "cypress/e2e/ registration.spec.cy.js",
      "file": "cypress/e2e/ registration.spec.cy.js",
      "beforeHooks": [],
      "afterHooks": [],
      "tests": [],
      "suites": [
        {
          "uuid": "3f223988-c5c0-4ba7-a1d3-5ba61b118540",
          "title": "Registration",
          "fullFile": "",
          "file": "",
          "beforeHooks": [],
          "afterHooks": [],
          "tests": [
            {
              "title": "should successfully register a new user",
              "fullTitle": "Registration should successfully register a new user",
              "timedOut": null,
              "duration": 524,
              "state": "failed",
              "speed": null,
              "pass": false,
              "fail": true,
              "pending": false,
              "context": null,
              "code": "cy.get('@loginData').then(loginData => {\n  const rows = parse(loginData, {\n    header: true\n  }).data; // Parsing CSV data into rows \n  const loginRow = rows[0]; // Access the first row directly\n  cy.login(loginRow.username, loginRow.password); // Login method defined in command.js\n  cy.url().should('include', 'https://demo.guru99.com/test/newtours/login_sucess.php');\n  cy.title().should('eq', 'Login: Mercury Tours');\n  const registrationPage = new _RegistrationPage.default(); // Instantiate RegistrationPage\n  registrationPage.navigateToRegister(); // Correctly call navigateToRegister()\n  cy.get('@registerData').then(registerData => {\n    const rows = parse(registerData, {\n      header: true\n    }).data; // Parsing CSV data into rows\n    const registerRow = rows[0]; // Access the first row directly\n    registrationPage.fillRegistrationForm(registerRow);\n    // Add assertions for registration details if needed\n  });\n});",
              "err": {
                "message": "ReferenceError: parse is not defined",
                "estack": "ReferenceError: parse is not defined\n    at Context.eval (webpack://cypressapiautomation/./cypress/e2e/ registration.spec.cy.js:13:19)",
                "diff": null
              },
              "uuid": "805cc334-1ae4-4077-80f7-66da1634fb00",
              "parentUUID": "3f223988-c5c0-4ba7-a1d3-5ba61b118540",
              "isHook": false,
              "skipped": false
            }
          ],
          "suites": [],
          "passes": [],
          "failures": [
            "805cc334-1ae4-4077-80f7-66da1634fb00"
          ],
          "pending": [],
          "skipped": [],
          "duration": 524,
          "root": false,
          "rootEmpty": false,
          "_timeout": 2000
        }
      ],
      "passes": [],
      "failures": [],
      "pending": [],
      "skipped": [],
      "duration": 0,
      "root": true,
      "rootEmpty": true,
      "_timeout": 2000
    }
  ],
  "meta": {
    "mocha": {
      "version": "7.0.1"
    },
    "mochawesome": {
      "options": {
        "quiet": false,
        "reportFilename": "mochawesome",
        "saveHtml": false,
        "saveJson": true,
        "consoleReporter": "spec",
        "useInlineDiffs": false,
        "code": true
      },
      "version": "7.1.3"
    },
    "marge": {
      "options": {
        "reportDir": "cypress/reports",
        "overwrite": false,
        "html": false,
        "json": true
      },
      "version": "6.2.0"
    }
  }
}